Build started 24-Jan-14 9:27:48 PM.
     1>Project "C:\Users\ek30pc!st\Documents\Visual Studio 2010\Projects\diploma\course_work.vcxproj" on node 2 (build target(s)).
     1>InitializeBuildStatus:
         Creating "Debug\course_work.unsuccessfulbuild" because "AlwaysCreate" was specified.
       ClCompile:
         All outputs are up-to-date.
         C:\Program Files\Microsoft Visual Studio 10.0\VC\bin\CL.exe /c /ZI /nologo /W3 /WX- /Od /Oy- /D WIN32 /D _WINDOWS /D _DEBUG /D _UNICODE /D UNICODE /D _AFXDLL /Gm /EHsc /RTC1 /MDd /GS /fp:precise /Zc:wchar_t /Zc:forScope /Yu"StdAfx.h" /Fp"Debug\course_work.pch" /Fo"Debug\\" /Fd"Debug\vc100.pdb" /Gd /TP /analyze- /errorReport:prompt course_workView.cpp
         course_workView.cpp
     1>c:\users\ek30pc!st\documents\visual studio 2010\projects\diploma\solution.h(147): warning C4101: 'j' : unreferenced local variable
     1>c:\users\ek30pc!st\documents\visual studio 2010\projects\diploma\course_workview.cpp(84): warning C4244: 'argument' : conversion from 'double' to 'int', possible loss of data
     1>c:\users\ek30pc!st\documents\visual studio 2010\projects\diploma\course_workview.cpp(84): warning C4244: 'argument' : conversion from 'double' to 'int', possible loss of data
     1>c:\users\ek30pc!st\documents\visual studio 2010\projects\diploma\course_workview.cpp(86): warning C4244: 'argument' : conversion from 'double' to 'int', possible loss of data
     1>c:\users\ek30pc!st\documents\visual studio 2010\projects\diploma\course_workview.cpp(86): warning C4244: 'argument' : conversion from 'double' to 'int', possible loss of data
       ResourceCompile:
         All outputs are up-to-date.
       ManifestResourceCompile:
         All outputs are up-to-date.
       Link:
         C:\Program Files\Microsoft Visual Studio 10.0\VC\bin\link.exe /ERRORREPORT:PROMPT /OUT:"C:\Users\ek30pc!st\Documents\Visual Studio 2010\Projects\diploma\Debug\course_work.exe" /INCREMENTAL /NOLOGO /MANIFEST /ManifestFile:"Debug\course_work.exe.intermediate.manifest" /MANIFESTUAC:"level='asInvoker' uiAccess='false'" /DEBUG /PDB:"C:\Users\ek30pc!st\Documents\Visual Studio 2010\Projects\diploma\Debug\course_work.pdb" /SUBSYSTEM:WINDOWS /TLBID:1 /ENTRY:"wWinMainCRTStartup" /DYNAMICBASE /NXCOMPAT /IMPLIB:"C:\Users\ek30pc!st\Documents\Visual Studio 2010\Projects\diploma\Debug\course_work.lib" /MACHINE:X86 Debug\course_work.res
         Debug\course_work.exe.embed.manifest.res
         Debug\ChildFrm.obj
         Debug\ClassView.obj
         Debug\course_work.obj
         Debug\course_workDoc.obj
         Debug\course_workView.obj
         Debug\cw_dialog.obj
         Debug\FileView.obj
         Debug\MainFrm.obj
         Debug\OutputWnd.obj
         Debug\PropertiesWnd.obj
         Debug\stdafx.obj
         Debug\ViewTree.obj
       Manifest:
         C:\Program Files\Microsoft SDKs\Windows\v7.0A\bin\mt.exe /nologo /verbose /out:"Debug\course_work.exe.embed.manifest" /manifest Debug\course_work.exe.intermediate.manifest "C:\Program Files\Microsoft Visual Studio 10.0\VC\Include\Manifest\dpiaware.manifest"
         All outputs are up-to-date.
       LinkEmbedManifest:
         All outputs are up-to-date.
         course_work.vcxproj -> C:\Users\ek30pc!st\Documents\Visual Studio 2010\Projects\diploma\Debug\course_work.exe
       FinalizeBuildStatus:
         Deleting file "Debug\course_work.unsuccessfulbuild".
         Touching "Debug\course_work.lastbuildstate".
     1>Done Building Project "C:\Users\ek30pc!st\Documents\Visual Studio 2010\Projects\diploma\course_work.vcxproj" (build target(s)).

Build succeeded.

Time Elapsed 00:00:03.01
