C:\USERS\EK30PC!ST\DOCUMENTS\VISUAL STUDIO 2010\PROJECTS\DIPLOMA\DEBUG\CHILDFRM.OBJ
C:\Users\ek30pc!st\Documents\Visual Studio 2010\Projects\diploma\Debug\cl.command.1.tlog
C:\Users\ek30pc!st\Documents\Visual Studio 2010\Projects\diploma\Debug\CL.read.1.tlog
C:\Users\ek30pc!st\Documents\Visual Studio 2010\Projects\diploma\Debug\CL.write.1.tlog
C:\USERS\EK30PC!ST\DOCUMENTS\VISUAL STUDIO 2010\PROJECTS\DIPLOMA\DEBUG\CLASSVIEW.OBJ
C:\USERS\EK30PC!ST\DOCUMENTS\VISUAL STUDIO 2010\PROJECTS\DIPLOMA\DEBUG\COURSE_WORK.EXE
C:\USERS\EK30PC!ST\DOCUMENTS\VISUAL STUDIO 2010\PROJECTS\DIPLOMA\DEBUG\COURSE_WORK.EXE.EMBED.MANIFEST
C:\USERS\EK30PC!ST\DOCUMENTS\VISUAL STUDIO 2010\PROJECTS\DIPLOMA\DEBUG\COURSE_WORK.EXE.EMBED.MANIFEST.RES
C:\USERS\EK30PC!ST\DOCUMENTS\VISUAL STUDIO 2010\PROJECTS\DIPLOMA\DEBUG\COURSE_WORK.EXE.INTERMEDIATE.MANIFEST
C:\USERS\EK30PC!ST\DOCUMENTS\VISUAL STUDIO 2010\PROJECTS\DIPLOMA\DEBUG\COURSE_WORK.ILK
C:\USERS\EK30PC!ST\DOCUMENTS\VISUAL STUDIO 2010\PROJECTS\DIPLOMA\DEBUG\COURSE_WORK.OBJ
C:\USERS\EK30PC!ST\DOCUMENTS\VISUAL STUDIO 2010\PROJECTS\DIPLOMA\DEBUG\COURSE_WORK.PCH
C:\USERS\EK30PC!ST\DOCUMENTS\VISUAL STUDIO 2010\PROJECTS\DIPLOMA\DEBUG\COURSE_WORK.PDB
C:\USERS\EK30PC!ST\DOCUMENTS\VISUAL STUDIO 2010\PROJECTS\DIPLOMA\DEBUG\COURSE_WORK.RES
C:\Users\ek30pc!st\Documents\Visual Studio 2010\Projects\diploma\Debug\course_work.vcxprojResolveAssemblyReference.cache
C:\Users\ek30pc!st\Documents\Visual Studio 2010\Projects\diploma\Debug\course_work.write.1.tlog
C:\Users\ek30pc!st\Documents\Visual Studio 2010\Projects\diploma\Debug\course_work_manifest.rc
C:\USERS\EK30PC!ST\DOCUMENTS\VISUAL STUDIO 2010\PROJECTS\DIPLOMA\DEBUG\COURSE_WORKDOC.OBJ
C:\USERS\EK30PC!ST\DOCUMENTS\VISUAL STUDIO 2010\PROJECTS\DIPLOMA\DEBUG\COURSE_WORKVIEW.OBJ
C:\USERS\EK30PC!ST\DOCUMENTS\VISUAL STUDIO 2010\PROJECTS\DIPLOMA\DEBUG\FILEVIEW.OBJ
C:\Users\ek30pc!st\Documents\Visual Studio 2010\Projects\diploma\Debug\link.command.1.tlog
C:\Users\ek30pc!st\Documents\Visual Studio 2010\Projects\diploma\Debug\link.read.1.tlog
C:\Users\ek30pc!st\Documents\Visual Studio 2010\Projects\diploma\Debug\link.write.1.tlog
C:\Users\ek30pc!st\Documents\Visual Studio 2010\Projects\diploma\Debug\link-cvtres.read.1.tlog
C:\Users\ek30pc!st\Documents\Visual Studio 2010\Projects\diploma\Debug\link-cvtres.write.1.tlog
C:\USERS\EK30PC!ST\DOCUMENTS\VISUAL STUDIO 2010\PROJECTS\DIPLOMA\DEBUG\MAINFRM.OBJ
C:\Users\ek30pc!st\Documents\Visual Studio 2010\Projects\diploma\Debug\mt.command.1.tlog
C:\Users\ek30pc!st\Documents\Visual Studio 2010\Projects\diploma\Debug\mt.read.1.tlog
C:\Users\ek30pc!st\Documents\Visual Studio 2010\Projects\diploma\Debug\mt.write.1.tlog
C:\USERS\EK30PC!ST\DOCUMENTS\VISUAL STUDIO 2010\PROJECTS\DIPLOMA\DEBUG\OUTPUTWND.OBJ
C:\USERS\EK30PC!ST\DOCUMENTS\VISUAL STUDIO 2010\PROJECTS\DIPLOMA\DEBUG\PROPERTIESWND.OBJ
C:\Users\ek30pc!st\Documents\Visual Studio 2010\Projects\diploma\Debug\rc.command.1.tlog
C:\Users\ek30pc!st\Documents\Visual Studio 2010\Projects\diploma\Debug\rc.read.1.tlog
C:\Users\ek30pc!st\Documents\Visual Studio 2010\Projects\diploma\Debug\rc.write.1.tlog
C:\USERS\EK30PC!ST\DOCUMENTS\VISUAL STUDIO 2010\PROJECTS\DIPLOMA\DEBUG\STDAFX.OBJ
C:\Users\ek30pc!st\Documents\Visual Studio 2010\Projects\diploma\Debug\vc100.idb
C:\USERS\EK30PC!ST\DOCUMENTS\VISUAL STUDIO 2010\PROJECTS\DIPLOMA\DEBUG\VC100.PDB
C:\USERS\EK30PC!ST\DOCUMENTS\VISUAL STUDIO 2010\PROJECTS\DIPLOMA\DEBUG\VIEWTREE.OBJ
